  mx2Vision.cpp
d:\documents\uts\mechatronics\mechatronics_2\git\laserrobots\vision\mx2vision\mx2vision.cpp(5): error C2871: 'cv': a namespace with this name does not exist
d:\documents\uts\mechatronics\mechatronics_2\git\laserrobots\vision\mx2vision\mx2vision.cpp(14): error C2065: 'Mat': undeclared identifier
d:\documents\uts\mechatronics\mechatronics_2\git\laserrobots\vision\mx2vision\mx2vision.cpp(14): error C2146: syntax error: missing ';' before identifier 'src'
d:\documents\uts\mechatronics\mechatronics_2\git\laserrobots\vision\mx2vision\mx2vision.cpp(14): error C2065: 'src': undeclared identifier
d:\documents\uts\mechatronics\mechatronics_2\git\laserrobots\vision\mx2vision\mx2vision.cpp(14): error C2065: 'IMREAD_COLOR': undeclared identifier
d:\documents\uts\mechatronics\mechatronics_2\git\laserrobots\vision\mx2vision\mx2vision.cpp(14): error C3861: 'imread': identifier not found
d:\documents\uts\mechatronics\mechatronics_2\git\laserrobots\vision\mx2vision\mx2vision.cpp(15): error C2065: 'Mat': undeclared identifier
d:\documents\uts\mechatronics\mechatronics_2\git\laserrobots\vision\mx2vision\mx2vision.cpp(15): error C2146: syntax error: missing ';' before identifier 'srcg'
d:\documents\uts\mechatronics\mechatronics_2\git\laserrobots\vision\mx2vision\mx2vision.cpp(15): error C2065: 'srcg': undeclared identifier
d:\documents\uts\mechatronics\mechatronics_2\git\laserrobots\vision\mx2vision\mx2vision.cpp(15): error C2065: 'IMREAD_GRAYSCALE': undeclared identifier
d:\documents\uts\mechatronics\mechatronics_2\git\laserrobots\vision\mx2vision\mx2vision.cpp(15): error C3861: 'imread': identifier not found
d:\documents\uts\mechatronics\mechatronics_2\git\laserrobots\vision\mx2vision\mx2vision.cpp(17): error C2065: 'src': undeclared identifier
d:\documents\uts\mechatronics\mechatronics_2\git\laserrobots\vision\mx2vision\mx2vision.cpp(23): error C2065: 'Mat': undeclared identifier
d:\documents\uts\mechatronics\mechatronics_2\git\laserrobots\vision\mx2vision\mx2vision.cpp(23): error C2146: syntax error: missing ';' before identifier 'gray'
d:\documents\uts\mechatronics\mechatronics_2\git\laserrobots\vision\mx2vision\mx2vision.cpp(23): error C2065: 'gray': undeclared identifier
d:\documents\uts\mechatronics\mechatronics_2\git\laserrobots\vision\mx2vision\mx2vision.cpp(24): error C2065: 'src': undeclared identifier
d:\documents\uts\mechatronics\mechatronics_2\git\laserrobots\vision\mx2vision\mx2vision.cpp(24): error C2065: 'gray': undeclared identifier
d:\documents\uts\mechatronics\mechatronics_2\git\laserrobots\vision\mx2vision\mx2vision.cpp(24): error C2065: 'COLOR_BGR2GRAY': undeclared identifier
d:\documents\uts\mechatronics\mechatronics_2\git\laserrobots\vision\mx2vision\mx2vision.cpp(24): error C3861: 'cvtColor': identifier not found
d:\documents\uts\mechatronics\mechatronics_2\git\laserrobots\vision\mx2vision\mx2vision.cpp(25): error C2065: 'gray': undeclared identifier
d:\documents\uts\mechatronics\mechatronics_2\git\laserrobots\vision\mx2vision\mx2vision.cpp(25): error C3861: 'medianBlur': identifier not found
d:\documents\uts\mechatronics\mechatronics_2\git\laserrobots\vision\mx2vision\mx2vision.cpp(27): error C2065: 'Vec3f': undeclared identifier
d:\documents\uts\mechatronics\mechatronics_2\git\laserrobots\vision\mx2vision\mx2vision.cpp(27): error C2923: 'std::vector': 'Vec3f' is not a valid template type argument for parameter '_Ty'
d:\documents\uts\mechatronics\mechatronics_2\git\laserrobots\vision\mx2vision\mx2vision.cpp(27): error C2903: 'allocator': symbol is neither a class template nor a function template
d:\documents\uts\mechatronics\mechatronics_2\git\laserrobots\vision\mx2vision\mx2vision.cpp(27): error C3203: 'allocator': unspecialized class template can't be used as a template argument for template parameter '_Alloc', expected a real type
d:\documents\uts\mechatronics\mechatronics_2\git\laserrobots\vision\mx2vision\mx2vision.cpp(27): error C2133: 'circles': unknown size
d:\documents\uts\mechatronics\mechatronics_2\git\laserrobots\vision\mx2vision\mx2vision.cpp(27): error C2512: 'std::vector': no appropriate default constructor available
  c:\program files (x86)\microsoft visual studio\2017\community\vc\tools\msvc\14.15.26726\include\vector(625): note: see declaration of 'std::vector'
d:\documents\uts\mechatronics\mechatronics_2\git\laserrobots\vision\mx2vision\mx2vision.cpp(28): error C2065: 'gray': undeclared identifier
d:\documents\uts\mechatronics\mechatronics_2\git\laserrobots\vision\mx2vision\mx2vision.cpp(28): error C2065: 'HOUGH_GRADIENT': undeclared identifier
d:\documents\uts\mechatronics\mechatronics_2\git\laserrobots\vision\mx2vision\mx2vision.cpp(29): error C2065: 'gray': undeclared identifier
d:\documents\uts\mechatronics\mechatronics_2\git\laserrobots\vision\mx2vision\mx2vision.cpp(28): error C3861: 'HoughCircles': identifier not found
d:\documents\uts\mechatronics\mechatronics_2\git\laserrobots\vision\mx2vision\mx2vision.cpp(34): error C2662: '_Vector_alloc<_Alloc_types>::_Val_types::size_type std::vector<_Ty,_Alloc>::size(void) noexcept const': cannot convert 'this' pointer from 'std::vector' to 'const std::vector<_Ty,_Alloc> &'
  d:\documents\uts\mechatronics\mechatronics_2\git\laserrobots\vision\mx2vision\mx2vision.cpp(34): note: Reason: cannot convert from 'std::vector' to 'const std::vector<_Ty,_Alloc>'
  d:\documents\uts\mechatronics\mechatronics_2\git\laserrobots\vision\mx2vision\mx2vision.cpp(34): note: Conversion requires a second user-defined-conversion operator or constructor
d:\documents\uts\mechatronics\mechatronics_2\git\laserrobots\vision\mx2vision\mx2vision.cpp(36): error C2065: 'Vec3i': undeclared identifier
d:\documents\uts\mechatronics\mechatronics_2\git\laserrobots\vision\mx2vision\mx2vision.cpp(36): error C2146: syntax error: missing ';' before identifier 'c'
d:\documents\uts\mechatronics\mechatronics_2\git\laserrobots\vision\mx2vision\mx2vision.cpp(36): error C2065: 'c': undeclared identifier
d:\documents\uts\mechatronics\mechatronics_2\git\laserrobots\vision\mx2vision\mx2vision.cpp(36): error C2678: binary '[': no operator found which takes a left-hand operand of type 'std::vector' (or there is no acceptable conversion)
  c:\program files (x86)\microsoft visual studio\2017\community\vc\tools\msvc\14.15.26726\include\vector(1739): note: could be 'const _Ty &std::vector<_Ty,_Alloc>::operator [](const _Vector_alloc<_Alloc_types>::_Val_types::size_type) const'
  c:\program files (x86)\microsoft visual studio\2017\community\vc\tools\msvc\14.15.26726\include\vector(1730): note: or       '_Ty &std::vector<_Ty,_Alloc>::operator [](const _Vector_alloc<_Alloc_types>::_Val_types::size_type)'
  d:\documents\uts\mechatronics\mechatronics_2\git\laserrobots\vision\mx2vision\mx2vision.cpp(36): note: while trying to match the argument list '(std::vector, size_t)'
d:\documents\uts\mechatronics\mechatronics_2\git\laserrobots\vision\mx2vision\mx2vision.cpp(37): error C2065: 'Point': undeclared identifier
d:\documents\uts\mechatronics\mechatronics_2\git\laserrobots\vision\mx2vision\mx2vision.cpp(37): error C2146: syntax error: missing ';' before identifier 'center'
d:\documents\uts\mechatronics\mechatronics_2\git\laserrobots\vision\mx2vision\mx2vision.cpp(37): error C2065: 'center': undeclared identifier
d:\documents\uts\mechatronics\mechatronics_2\git\laserrobots\vision\mx2vision\mx2vision.cpp(37): error C2065: 'c': undeclared identifier
d:\documents\uts\mechatronics\mechatronics_2\git\laserrobots\vision\mx2vision\mx2vision.cpp(37): error C3861: 'Point': identifier not found
d:\documents\uts\mechatronics\mechatronics_2\git\laserrobots\vision\mx2vision\mx2vision.cpp(39): error C2065: 'src': undeclared identifier
d:\documents\uts\mechatronics\mechatronics_2\git\laserrobots\vision\mx2vision\mx2vision.cpp(39): error C2065: 'center': undeclared identifier
d:\documents\uts\mechatronics\mechatronics_2\git\laserrobots\vision\mx2vision\mx2vision.cpp(39): error C3861: 'Scalar': identifier not found
d:\documents\uts\mechatronics\mechatronics_2\git\laserrobots\vision\mx2vision\mx2vision.cpp(39): error C2065: 'LINE_AA': undeclared identifier
d:\documents\uts\mechatronics\mechatronics_2\git\laserrobots\vision\mx2vision\mx2vision.cpp(39): error C3861: 'circle': identifier not found
d:\documents\uts\mechatronics\mechatronics_2\git\laserrobots\vision\mx2vision\mx2vision.cpp(41): error C2065: 'c': undeclared identifier
d:\documents\uts\mechatronics\mechatronics_2\git\laserrobots\vision\mx2vision\mx2vision.cpp(42): error C2065: 'src': undeclared identifier
d:\documents\uts\mechatronics\mechatronics_2\git\laserrobots\vision\mx2vision\mx2vision.cpp(42): error C2065: 'center': undeclared identifier
d:\documents\uts\mechatronics\mechatronics_2\git\laserrobots\vision\mx2vision\mx2vision.cpp(42): error C3861: 'Scalar': identifier not found
d:\documents\uts\mechatronics\mechatronics_2\git\laserrobots\vision\mx2vision\mx2vision.cpp(42): error C2065: 'LINE_AA': undeclared identifier
d:\documents\uts\mechatronics\mechatronics_2\git\laserrobots\vision\mx2vision\mx2vision.cpp(42): error C3861: 'circle': identifier not found
d:\documents\uts\mechatronics\mechatronics_2\git\laserrobots\vision\mx2vision\mx2vision.cpp(51): error C2065: 'src': undeclared identifier
d:\documents\uts\mechatronics\mechatronics_2\git\laserrobots\vision\mx2vision\mx2vision.cpp(51): error C3861: 'imshow': identifier not found
d:\documents\uts\mechatronics\mechatronics_2\git\laserrobots\vision\mx2vision\mx2vision.cpp(52): error C2065: 'gray': undeclared identifier
d:\documents\uts\mechatronics\mechatronics_2\git\laserrobots\vision\mx2vision\mx2vision.cpp(52): error C3861: 'imshow': identifier not found
d:\documents\uts\mechatronics\mechatronics_2\git\laserrobots\vision\mx2vision\mx2vision.cpp(53): error C3861: 'waitKey': identifier not found
